JvmtiExport can_access_local_variables 0
JvmtiExport can_hotswap_or_post_breakpoint 0
JvmtiExport can_post_on_exceptions 0
# 249 ciObject found
ciMethod java/lang/Object getClass ()Ljava/lang/Class; 2049 1 256 0 -1
ciMethod java/lang/String startsWith (Ljava/lang/String;)Z 3177 1 69983 0 -1
ciMethod java/lang/String valueOf (Ljava/lang/Object;)Ljava/lang/String; 2241 1 70978 0 -1
ciMethod java/lang/Class isAssignableFrom (Ljava/lang/Class;)Z 2049 1 256 0 -1
ciMethod java/lang/Class getName ()Ljava/lang/String; 457 1 43853 0 -1
ciMethod java/lang/ClassLoader checkClassLoaderPermission (Ljava/lang/ClassLoader;Ljava/lang/Class;)V 0 0 1 0 -1
ciMethod java/lang/System getSecurityManager ()Ljava/lang/SecurityManager; 3113 1 139422 0 0
ciMethod java/lang/System identityHashCode (Ljava/lang/Object;)I 3073 1 384 0 -1
ciMethod java/lang/SecurityManager checkPermission (Ljava/security/Permission;)V 0 0 1 0 -1
ciMethod java/lang/Thread currentThread ()Ljava/lang/Thread; 2049 1 256 0 -1
ciMethod java/lang/Thread getContextClassLoader ()Ljava/lang/ClassLoader; 3177 1 8633 0 0
ciMethod java/lang/Thread setContextClassLoader (Ljava/lang/ClassLoader;)V 17 1 552 0 0
ciMethod java/lang/StringBuilder <init> (Ljava/lang/String;)V 1873 1 65305 0 -1
ciMethod java/lang/StringBuilder append (Ljava/lang/Object;)Ljava/lang/StringBuilder; 201 1 7267 0 -1
ciMethod java/lang/StringBuilder append (Ljava/lang/String;)Ljava/lang/StringBuilder; 953 1 444211 0 -1
ciMethod java/lang/StringBuilder toString ()Ljava/lang/String; 609 1 193375 0 -1
ciMethod java/lang/Integer toHexString (I)Ljava/lang/String; 1 1 389 0 -1
ciMethod java/lang/Long longValue ()J 2073 1 10942 0 -1
ciMethod java/lang/RuntimePermission <init> (Ljava/lang/String;)V 41 1 14 0 -1
ciMethod sun/reflect/Reflection getCallerClass ()Ljava/lang/Class; 2049 1 256 0 -1
ciMethodData java/lang/System getSecurityManager ()Ljava/lang/SecurityManager; 2 139422 orig 264 88 50 201 92 0 0 0 0 0 149 44 24 0 0 0 0 24 1 0 0 0 0 0 0 0 0 0 0 0 0 0 0 0 0 0 0 0 0 0 0 0 0 0 0 0 0 0 0 0 0 0 0 0 0 0 0 0 0 0 0 0 0 0 0 0 0 0 0 0 0 0 0 0 0 0 0 0 0 0 0 77 68 79 32 101 120 116 114 97 32 100 97 116 97 32 108 111 99 107 0 0 0 0 0 0 0 0 0 0 0 0 0 0 0 0 0 0 0 0 0 0 0 0 0 0 0 0 0 0 0 0 0 0 0 0 0 0 0 0 0 0 0 0 0 0 0 0 0 0 0 0 0 0 0 0 0 0 0 0 0 0 0 0 0 0 0 0 0 0 0 0 0 0 0 0 0 0 0 0 0 0 0 0 0 0 0 0 0 0 0 0 0 0 0 0 0 0 0 0 0 0 0 0 0 0 0 0 0 0 0 0 0 0 0 0 0 133 1 0 0 201 248 16 0 1 0 0 0 0 0 0 0 0 0 0 0 2 0 0 0 0 0 3 0 1 0 0 0 0 0 0 0 255 255 255 255 0 0 0 0 0 0 0 0 data 0 oops 0
ciMethod java/util/concurrent/Semaphore release ()V 33 1 4 0 -1
ciMethod org/osgi/framework/BundleListener bundleChanged (Lorg/osgi/framework/BundleEvent;)V 0 0 1 0 -1
ciMethod org/osgi/framework/FrameworkListener frameworkEvent (Lorg/osgi/framework/FrameworkEvent;)V 0 0 1 0 -1
ciMethod org/eclipse/core/runtime/adaptor/EclipseStarter$StartupEventListener frameworkEvent (Lorg/osgi/framework/FrameworkEvent;)V 9 1 1 0 0
ciMethod org/osgi/framework/BundleReference getBundle ()Lorg/osgi/framework/Bundle; 0 0 1 0 -1
ciMethod org/eclipse/osgi/internal/framework/EquinoxContainer getStorage ()Lorg/eclipse/osgi/storage/Storage; 1025 1 128 0 -1
ciMethod org/eclipse/osgi/internal/framework/EquinoxContainer getConfiguration ()Lorg/eclipse/osgi/internal/framework/EquinoxConfiguration; 1033 1 129 0 0
ciMethod org/eclipse/osgi/internal/framework/EquinoxContainer getPackageAdmin ()Lorg/osgi/service/packageadmin/PackageAdmin; 25 1 3 0 -1
ciMethod org/eclipse/osgi/internal/framework/EquinoxContainer isBootDelegationPackage (Ljava/lang/String;)Z 2049 1 6300 0 -1
ciMethod org/eclipse/osgi/internal/framework/EquinoxContainer getEventPublisher ()Lorg/eclipse/osgi/internal/framework/EquinoxEventPublisher; 393 1 211 0 0
ciMethod org/eclipse/osgi/internal/framework/EquinoxContainer getContextFinder ()Lorg/eclipse/osgi/internal/framework/ContextFinder; 3209 1 5590 0 0
ciMethod org/eclipse/osgi/internal/framework/EquinoxContainer handleRuntimeError (Ljava/lang/Throwable;)V 0 0 1 0 0
ciMethod org/eclipse/osgi/internal/debug/Debug println (Ljava/lang/String;)V 0 0 1 0 -1
ciMethod org/osgi/framework/ServiceListener serviceChanged (Lorg/osgi/framework/ServiceEvent;)V 0 0 1 0 -1
ciMethod org/eclipse/osgi/internal/log/LogServiceManager frameworkEvent (Lorg/osgi/framework/FrameworkEvent;)V 17 1 2 0 0
ciMethod org/eclipse/osgi/internal/log/LogServiceManager getFrameworkEventTypeName (I)Ljava/lang/String; 0 0 1 0 -1
ciMethod org/eclipse/osgi/internal/log/ExtendedLogReaderServiceFactory isLoggable (Lorg/osgi/framework/Bundle;Ljava/lang/String;I)Z 2057 1 317 0 -1
ciMethod org/eclipse/osgi/internal/log/ExtendedLogServiceImpl getLogger (Ljava/lang/String;)Lorg/eclipse/equinox/log/Logger; 81 1 10 0 -1
ciMethod org/eclipse/osgi/internal/log/LoggerImpl log (Lorg/osgi/framework/Bundle;Ljava/lang/Object;Lorg/osgi/service/log/LogLevel;ILjava/lang/String;Lorg/osgi/framework/ServiceReference;Ljava/lang/Throwable;)V 2049 1 1260 0 -1
ciMethod org/eclipse/osgi/storage/Storage getModuleContainer ()Lorg/eclipse/osgi/container/ModuleContainer; 1225 1 153 0 -1
ciMethod org/eclipse/osgi/storage/BundleInfo$Generation getDomain ()Ljava/security/ProtectionDomain; 2585 1 323 0 -1
ciMethod org/eclipse/osgi/container/ModuleContainer getModule (J)Lorg/eclipse/osgi/container/Module; 1393 1 180 0 -1
ciMethod org/eclipse/osgi/internal/framework/EquinoxBundle getBundleId ()J 1993 1 6395 0 64
ciMethod org/eclipse/osgi/internal/framework/EquinoxBundle getModule ()Lorg/eclipse/osgi/container/Module; 1033 1 129 0 -1
ciMethod org/eclipse/osgi/container/Module getId ()Ljava/lang/Long; 4089 1 511 0 0
ciMethod org/eclipse/osgi/container/Module getCurrentRevision ()Lorg/eclipse/osgi/container/ModuleRevision; 2057 1 3748 0 -1
ciMethod org/eclipse/osgi/container/ModuleRevision getRevisionInfo ()Ljava/lang/Object; 1105 1 138 0 -1
ciMethod org/eclipse/osgi/internal/framework/FilterImpl match (Lorg/osgi/framework/ServiceReference;)Z 2297 1 521 0 -1
ciMethod org/osgi/service/packageadmin/PackageAdmin getBundle (Ljava/lang/Class;)Lorg/osgi/framework/Bundle; 0 0 1 0 -1
ciMethod org/eclipse/osgi/internal/framework/EquinoxEventPublisher publishFrameworkEvent (ILorg/osgi/framework/Bundle;Ljava/lang/Throwable;)V 0 0 1 0 0
ciMethod org/eclipse/osgi/internal/framework/EquinoxEventPublisher publishFrameworkEvent (ILorg/osgi/framework/Bundle;Ljava/lang/Throwable;[Lorg/osgi/framework/FrameworkListener;)V 9 1 2 0 -1
ciMethod org/eclipse/osgi/internal/serviceregistry/ServiceRegistry hasListenServicePermission (Lorg/osgi/framework/ServiceEvent;Lorg/eclipse/osgi/internal/framework/BundleContextImpl;)Z 297 1 211 0 0
ciMethod org/eclipse/osgi/internal/serviceregistry/ServiceRegistry isAssignableTo (Lorg/eclipse/osgi/internal/framework/BundleContextImpl;Lorg/eclipse/osgi/internal/serviceregistry/ServiceReferenceImpl;)Z 457 505 277 0 0
ciMethod org/eclipse/osgi/internal/framework/BundleContextImpl getBundleImpl ()Lorg/eclipse/osgi/internal/framework/EquinoxBundle; 1097 1 137 0 0
ciMethod org/eclipse/osgi/internal/framework/BundleContextImpl setContextFinder ()Ljava/lang/Object; 3201 1 5589 0 0
ciMethod org/eclipse/osgi/internal/framework/BundleContextImpl dispatchEvent (Ljava/lang/Object;Ljava/lang/Object;ILjava/lang/Object;)V 3329 1 5536 0 -1
ciMethod org/eclipse/osgi/internal/framework/BundleContextImpl isValid ()Z 1073 1 134 0 0
ciMethod org/eclipse/osgi/internal/framework/BundleContextImpl getContainer ()Lorg/eclipse/osgi/internal/framework/EquinoxContainer; 1137 1 142 0 0
ciMethod org/eclipse/osgi/internal/loader/BundleLoader getPackageName (Ljava/lang/String;)Ljava/lang/String; 3073 1 6010 0 -1
ciMethod org/eclipse/osgi/internal/loader/BundleLoader isExportedPackage (Ljava/lang/String;)Z 23433 1 8497 0 -1
ciMethod org/eclipse/osgi/internal/loader/BundleLoader getPackageSource (Ljava/lang/String;)Lorg/eclipse/osgi/internal/loader/sources/PackageSource; 2057 1 292 0 -1
ciMethod org/eclipse/osgi/internal/serviceregistry/FilteredServiceListener serviceChanged (Lorg/osgi/framework/ServiceEvent;)V 2145 1913 4701 0 0
ciMethod org/eclipse/osgi/internal/serviceregistry/FilteredServiceListener filterMatch (Lorg/osgi/framework/ServiceEvent;)Lorg/osgi/framework/ServiceEvent; 297 1 211 0 0
ciMethod org/eclipse/osgi/internal/serviceregistry/FilteredServiceListener getFilter ()Ljava/lang/String; 0 0 1 0 -1
ciMethod org/eclipse/osgi/internal/serviceregistry/ServiceRegistrationImpl getProperties ()Ljava/util/Map; 937 1 521 0 -1
ciMethod org/eclipse/osgi/internal/serviceregistry/ServiceRegistrationImpl getClasses ()[Ljava/lang/String; 1105 1 138 0 0
ciMethod org/eclipse/osgi/internal/serviceregistry/ServiceRegistrationImpl isAssignableTo (Lorg/osgi/framework/Bundle;Ljava/lang/String;)Z 2057 1 299 0 0
ciMethod org/eclipse/osgi/internal/serviceregistry/ServiceReferenceImpl isAssignableTo (Lorg/osgi/framework/Bundle;Ljava/lang/String;)Z 2057 1 299 0 0
ciMethod org/eclipse/osgi/internal/serviceregistry/ServiceReferenceImpl getRegistration ()Lorg/eclipse/osgi/internal/serviceregistry/ServiceRegistrationImpl; 1121 1 140 0 -1
ciMethod org/eclipse/osgi/internal/serviceregistry/ServiceReferenceImpl getClasses ()[Ljava/lang/String; 2089 1 4825 0 0
ciMethod org/osgi/framework/ServiceEvent getServiceReference ()Lorg/osgi/framework/ServiceReference; 1105 1 138 0 0
ciMethod org/osgi/framework/ServiceEvent getType ()I 1025 1 128 0 -1
ciMethod org/eclipse/osgi/internal/loader/sources/PackageSource hasCommonSource (Lorg/eclipse/osgi/internal/loader/sources/PackageSource;)Z 873 49 109 0 -1
ciMethod org/eclipse/osgi/internal/loader/sources/PackageSource isServiceAssignableTo (Lorg/osgi/framework/Bundle;Lorg/osgi/framework/Bundle;Ljava/lang/String;Ljava/lang/Class;Lorg/eclipse/osgi/internal/framework/EquinoxContainer;)Z 2057 1 299 0 0
ciMethod org/eclipse/osgi/internal/loader/sources/PackageSource getPackageSource (Ljava/lang/Class;Ljava/lang/String;Lorg/osgi/service/packageadmin/PackageAdmin;)Lorg/eclipse/osgi/internal/loader/sources/PackageSource; 0 0 1 0 -1
ciMethod org/eclipse/osgi/internal/loader/sources/PackageSource getBundleLoader (Lorg/osgi/framework/Bundle;)Lorg/eclipse/osgi/internal/loader/BundleLoader; 2129 1 366 0 -1
ciMethodData java/lang/Long longValue ()J 2 10942 orig 264 88 50 201 92 0 0 0 0 24 134 53 24 0 0 0 0 32 1 0 0 0 0 0 0 0 0 0 0 0 0 0 0 0 0 0 0 0 0 0 0 0 0 0 0 0 0 0 0 0 0 0 0 0 0 0 0 0 0 0 0 0 0 0 0 0 0 0 0 0 0 0 0 0 0 0 0 0 0 0 0 77 68 79 32 101 120 116 114 97 32 100 97 116 97 32 108 111 99 107 0 0 0 0 0 0 0 0 0 0 0 0 0 0 0 0 0 0 0 0 0 0 0 0 0 0 0 0 0 0 0 0 0 0 0 0 0 0 0 0 0 0 0 0 0 0 0 0 0 0 0 0 0 0 0 0 0 0 0 0 0 0 0 0 0 0 0 0 0 0 0 0 0 0 0 0 0 0 0 0 0 0 0 0 0 0 0 0 0 0 0 0 0 0 0 0 0 0 0 0 0 0 0 0 0 0 0 0 0 0 0 0 0 0 0 0 0 3 1 0 0 217 77 1 0 1 0 0 0 0 0 0 0 0 0 0 0 2 0 0 0 0 0 3 0 1 0 0 0 0 0 0 0 255 255 255 255 0 0 0 0 0 0 0 0 data 0 oops 0
ciMethod org/osgi/framework/FrameworkEvent getThrowable ()Ljava/lang/Throwable; 0 0 1 0 -1
ciMethod org/osgi/framework/FrameworkEvent getBundle ()Lorg/osgi/framework/Bundle; 17 1 2 0 -1
ciMethod org/osgi/framework/FrameworkEvent getType ()I 49 1 5 0 0
ciMethodData java/lang/Thread getContextClassLoader ()Ljava/lang/ClassLoader; 2 8633 orig 264 88 50 201 92 0 0 0 0 144 232 45 24 0 0 0 0 184 1 0 0 32 0 0 0 0 0 0 0 0 0 0 0 0 0 0 0 0 0 0 0 0 0 0 0 0 0 0 0 0 0 0 0 0 0 0 0 0 0 0 0 0 0 0 0 0 0 0 0 0 0 0 0 0 0 0 0 0 0 0 0 77 68 79 32 101 120 116 114 97 32 100 97 116 97 32 108 111 99 107 0 0 0 0 0 0 0 0 0 0 0 0 0 0 0 0 0 0 0 0 0 0 0 0 0 0 0 0 0 0 0 0 0 0 0 0 0 0 0 0 0 0 0 0 0 0 0 0 0 0 0 0 0 0 0 0 0 0 0 0 0 0 0 0 0 0 0 0 0 0 0 0 0 0 0 0 0 0 0 0 0 0 0 0 0 0 0 0 0 0 0 0 0 0 0 0 0 0 0 0 0 0 0 0 0 0 0 0 0 0 0 0 0 0 0 0 0 141 1 0 0 97 1 1 0 1 0 0 0 0 0 0 0 0 0 0 0 2 0 0 0 1 0 30 0 2 0 0 0 112 0 0 0 255 255 255 255 7 0 4 0 0 0 0 0 data 14 0x40007 0x202c 0x20 0x0 0x90002 0x202c 0xe0007 0x202c 0x40 0x0 0x150002 0x0 0x180002 0x0 oops 0
ciMethodData org/eclipse/osgi/internal/serviceregistry/ServiceReferenceImpl getClasses ()[Ljava/lang/String; 2 4825 orig 264 88 50 201 92 0 0 0 0 136 66 149 24 0 0 0 0 120 1 0 0 0 0 0 0 0 0 0 0 0 0 0 0 0 0 0 0 0 0 0 0 0 0 0 0 0 0 0 0 0 0 0 0 0 0 0 0 0 0 0 0 0 0 0 0 0 0 0 0 0 0 0 0 0 0 0 0 0 0 0 0 77 68 79 32 101 120 116 114 97 32 100 97 116 97 32 108 111 99 107 0 0 0 0 0 0 0 0 0 0 0 0 0 0 0 0 0 0 0 0 0 0 0 0 0 0 0 0 0 0 0 0 0 0 0 0 0 0 0